Notify: Initialized Dynamic Filter API for Network Virtualization emulation.	[MsgId: MMSG-56949]
Action.c(11): Error -27792: Failed to connect to server "advantageonlineshopping.com:443": [10060] Connection timed out  	[MsgId: MERR-27792]
Action.c(11): Error -26366: "Text=Advantage Shopping" not found for web_reg_find  	[MsgId: MERR-26366]
Action.c(11): Error -26374: The above "not found" error(s) may be explained by header and body byte counts being 0 and 0, respectively.  	[MsgId: MERR-26374]
Action.c(11): Error -27792: Failed to connect to server "advantageonlineshopping.com:443": [10060] Connection timed out  	[MsgId: MERR-27792]
Action.c(11): Error -26366: "Text=Advantage Shopping" not found for web_reg_find  	[MsgId: MERR-26366]
Action.c(11): Error -26374: The above "not found" error(s) may be explained by header and body byte counts being 0 and 0, respectively.  	[MsgId: MERR-26374]
Action.c(11): Error -27792: Failed to connect to server "advantageonlineshopping.com:443": [10060] Connection timed out  	[MsgId: MERR-27792]
Action.c(11): Error -26366: "Text=Advantage Shopping" not found for web_reg_find  	[MsgId: MERR-26366]
Action.c(11): Error -26374: The above "not found" error(s) may be explained by header and body byte counts being 0 and 0, respectively.  	[MsgId: MERR-26374]
Action.c(11): Error -27792: Failed to connect to server "advantageonlineshopping.com:443": [10060] Connection timed out  	[MsgId: MERR-27792]
Action.c(11): Error -26366: "Text=Advantage Shopping" not found for web_reg_find  	[MsgId: MERR-26366]
Action.c(11): Error -26374: The above "not found" error(s) may be explained by header and body byte counts being 0 and 0, respectively.  	[MsgId: MERR-26374]
Action.c(11): Error -27792: Failed to connect to server "advantageonlineshopping.com:443": [10060] Connection timed out  	[MsgId: MERR-27792]
Action.c(11): Error -26366: "Text=Advantage Shopping" not found for web_reg_find  	[MsgId: MERR-26366]
Action.c(11): Error -26374: The above "not found" error(s) may be explained by header and body byte counts being 0 and 0, respectively.  	[MsgId: MERR-26374]
Action.c(11): Error -27792: Failed to connect to server "advantageonlineshopping.com:443": [10060] Connection timed out  	[MsgId: MERR-27792]
Action.c(11): Error -26366: "Text=Advantage Shopping" not found for web_reg_find  	[MsgId: MERR-26366]
Action.c(11): Error -26374: The above "not found" error(s) may be explained by header and body byte counts being 0 and 0, respectively.  	[MsgId: MERR-26374]
Action.c(11): Error -27792: Failed to connect to server "advantageonlineshopping.com:443": [10060] Connection timed out  	[MsgId: MERR-27792]
Action.c(11): Error -26366: "Text=Advantage Shopping" not found for web_reg_find  	[MsgId: MERR-26366]
Action.c(11): Error -26374: The above "not found" error(s) may be explained by header and body byte counts being 0 and 0, respectively.  	[MsgId: MERR-26374]
Action.c(11): Error -27792: Failed to connect to server "advantageonlineshopping.com:443": [10060] Connection timed out  	[MsgId: MERR-27792]
Action.c(11): Error -26366: "Text=Advantage Shopping" not found for web_reg_find  	[MsgId: MERR-26366]
Action.c(11): Error -26374: The above "not found" error(s) may be explained by header and body byte counts being 0 and 0, respectively.  	[MsgId: MERR-26374]
Action.c(11): Error -27792: Failed to connect to server "advantageonlineshopping.com:443": [10060] Connection timed out  	[MsgId: MERR-27792]
Action.c(11): Error -26366: "Text=Advantage Shopping" not found for web_reg_find  	[MsgId: MERR-26366]
Action.c(11): Error -26374: The above "not found" error(s) may be explained by header and body byte counts being 0 and 0, respectively.  	[MsgId: MERR-26374]
Action.c(11): Error -27792: Failed to connect to server "advantageonlineshopping.com:443": [10060] Connection timed out  	[MsgId: MERR-27792]
Action.c(11): Error -26366: "Text=Advantage Shopping" not found for web_reg_find  	[MsgId: MERR-26366]
Action.c(11): Error -26374: The above "not found" error(s) may be explained by header and body byte counts being 0 and 0, respectively.  	[MsgId: MERR-26374]
Action.c(11): Error -27792: Failed to connect to server "advantageonlineshopping.com:443": [10060] Connection timed out  	[MsgId: MERR-27792]
Action.c(11): Error -26366: "Text=Advantage Shopping" not found for web_reg_find  	[MsgId: MERR-26366]
Action.c(11): Error -26374: The above "not found" error(s) may be explained by header and body byte counts being 0 and 0, respectively.  	[MsgId: MERR-26374]
Action.c(11): Error -27792: Failed to connect to server "advantageonlineshopping.com:443": [10060] Connection timed out  	[MsgId: MERR-27792]
Action.c(11): Error -26366: "Text=Advantage Shopping" not found for web_reg_find  	[MsgId: MERR-26366]
Action.c(11): Error -26374: The above "not found" error(s) may be explained by header and body byte counts being 0 and 0, respectively.  	[MsgId: MERR-26374]
Action.c(11): Error -27792: Failed to connect to server "advantageonlineshopping.com:443": [10060] Connection timed out  	[MsgId: MERR-27792]
Action.c(11): Error -26366: "Text=Advantage Shopping" not found for web_reg_find  	[MsgId: MERR-26366]
Action.c(11): Error -26374: The above "not found" error(s) may be explained by header and body byte counts being 0 and 0, respectively.  	[MsgId: MERR-26374]
Action.c(11): Error -27792: Failed to connect to server "advantageonlineshopping.com:443": [10060] Connection timed out  	[MsgId: MERR-27792]
Action.c(11): Error -26366: "Text=Advantage Shopping" not found for web_reg_find  	[MsgId: MERR-26366]
Action.c(11): Error -26374: The above "not found" error(s) may be explained by header and body byte counts being 0 and 0, respectively.  	[MsgId: MERR-26374]
Action.c(11): Error -27792: Failed to connect to server "advantageonlineshopping.com:443": [10060] Connection timed out  	[MsgId: MERR-27792]
Action.c(11): Error -26366: "Text=Advantage Shopping" not found for web_reg_find  	[MsgId: MERR-26366]
Action.c(11): Error -26374: The above "not found" error(s) may be explained by header and body byte counts being 0 and 0, respectively.  	[MsgId: MERR-26374]
Action.c(11): Error -27792: Failed to connect to server "advantageonlineshopping.com:443": [10060] Connection timed out  	[MsgId: MERR-27792]
Action.c(11): Error -26366: "Text=Advantage Shopping" not found for web_reg_find  	[MsgId: MERR-26366]
Action.c(11): Error -26374: The above "not found" error(s) may be explained by header and body byte counts being 0 and 0, respectively.  	[MsgId: MERR-26374]
Action.c(11): Error -27792: Failed to connect to server "advantageonlineshopping.com:443": [10060] Connection timed out  	[MsgId: MERR-27792]
Action.c(11): Error -26366: "Text=Advantage Shopping" not found for web_reg_find  	[MsgId: MERR-26366]
Action.c(11): Error -26374: The above "not found" error(s) may be explained by header and body byte counts being 0 and 0, respectively.  	[MsgId: MERR-26374]
Action.c(11): Error -27792: Failed to connect to server "advantageonlineshopping.com:443": [10060] Connection timed out  	[MsgId: MERR-27792]
Action.c(11): Error -26366: "Text=Advantage Shopping" not found for web_reg_find  	[MsgId: MERR-26366]
Action.c(11): Error -26374: The above "not found" error(s) may be explained by header and body byte counts being 0 and 0, respectively.  	[MsgId: MERR-26374]
Action.c(57): Error -27792: Failed to connect to server "advantageonlineshopping.com:443": [10060] Connection timed out, Snapshot Info [MSH 1 2]  	[MsgId: MERR-27792]
Action.c(11): Error -27792: Failed to connect to server "advantageonlineshopping.com:443": [10060] Connection timed out  	[MsgId: MERR-27792]
Action.c(11): Error -26366: "Text=Advantage Shopping" not found for web_reg_find  	[MsgId: MERR-26366]
Action.c(11): Error -26374: The above "not found" error(s) may be explained by header and body byte counts being 0 and 0, respectively.  	[MsgId: MERR-26374]
Action.c(11): Error -27792: Failed to connect to server "advantageonlineshopping.com:443": [10060] Connection timed out  	[MsgId: MERR-27792]
Action.c(11): Error -26366: "Text=Advantage Shopping" not found for web_reg_find  	[MsgId: MERR-26366]
Action.c(11): Error -26374: The above "not found" error(s) may be explained by header and body byte counts being 0 and 0, respectively.  	[MsgId: MERR-26374]
Action.c(11): Error -27792: Failed to connect to server "advantageonlineshopping.com:443": [10060] Connection timed out  	[MsgId: MERR-27792]
Action.c(11): Error -26366: "Text=Advantage Shopping" not found for web_reg_find  	[MsgId: MERR-26366]
Action.c(11): Error -26374: The above "not found" error(s) may be explained by header and body byte counts being 0 and 0, respectively.  	[MsgId: MERR-26374]
Action.c(11): Error -27792: Failed to connect to server "advantageonlineshopping.com:443": [10060] Connection timed out  	[MsgId: MERR-27792]
Action.c(11): Error -26366: "Text=Advantage Shopping" not found for web_reg_find  	[MsgId: MERR-26366]
Action.c(11): Error -26374: The above "not found" error(s) may be explained by header and body byte counts being 0 and 0, respectively.  	[MsgId: MERR-26374]
Action.c(11): Error -27792: Failed to connect to server "advantageonlineshopping.com:443": [10060] Connection timed out  	[MsgId: MERR-27792]
Action.c(11): Error -26366: "Text=Advantage Shopping" not found for web_reg_find  	[MsgId: MERR-26366]
Action.c(11): Error -26374: The above "not found" error(s) may be explained by header and body byte counts being 0 and 0, respectively.  	[MsgId: MERR-26374]
Action.c(11): Error -27792: Failed to connect to server "advantageonlineshopping.com:443": [10060] Connection timed out  	[MsgId: MERR-27792]
Action.c(11): Error -26366: "Text=Advantage Shopping" not found for web_reg_find  	[MsgId: MERR-26366]
Action.c(11): Error -26374: The above "not found" error(s) may be explained by header and body byte counts being 0 and 0, respectively.  	[MsgId: MERR-26374]
Action.c(11): Error -27792: Failed to connect to server "advantageonlineshopping.com:443": [10060] Connection timed out  	[MsgId: MERR-27792]
Action.c(11): Error -26366: "Text=Advantage Shopping" not found for web_reg_find  	[MsgId: MERR-26366]
Action.c(11): Error -26374: The above "not found" error(s) may be explained by header and body byte counts being 0 and 0, respectively.  	[MsgId: MERR-26374]
Action.c(11): Error -27792: Failed to connect to server "advantageonlineshopping.com:443": [10060] Connection timed out  	[MsgId: MERR-27792]
Action.c(11): Error -26366: "Text=Advantage Shopping" not found for web_reg_find  	[MsgId: MERR-26366]
Action.c(11): Error -26374: The above "not found" error(s) may be explained by header and body byte counts being 0 and 0, respectively.  	[MsgId: MERR-26374]
Action.c(11): Error -27792: Failed to connect to server "advantageonlineshopping.com:443": [10060] Connection timed out  	[MsgId: MERR-27792]
Action.c(11): Error -26366: "Text=Advantage Shopping" not found for web_reg_find  	[MsgId: MERR-26366]
Action.c(11): Error -26374: The above "not found" error(s) may be explained by header and body byte counts being 0 and 0, respectively.  	[MsgId: MERR-26374]
Action.c(11): Error -27792: Failed to connect to server "advantageonlineshopping.com:443": [10060] Connection timed out  	[MsgId: MERR-27792]
Action.c(11): Error -26366: "Text=Advantage Shopping" not found for web_reg_find  	[MsgId: MERR-26366]
Action.c(11): Error -26374: The above "not found" error(s) may be explained by header and body byte counts being 0 and 0, respectively.  	[MsgId: MERR-26374]
Action.c(11): Error -27792: Failed to connect to server "advantageonlineshopping.com:443": [10060] Connection timed out  	[MsgId: MERR-27792]
Action.c(11): Error -26366: "Text=Advantage Shopping" not found for web_reg_find  	[MsgId: MERR-26366]
Action.c(11): Error -26374: The above "not found" error(s) may be explained by header and body byte counts being 0 and 0, respectively.  	[MsgId: MERR-26374]
Action.c(11): Error -27792: Failed to connect to server "advantageonlineshopping.com:443": [10060] Connection timed out  	[MsgId: MERR-27792]
Action.c(11): Error -26366: "Text=Advantage Shopping" not found for web_reg_find  	[MsgId: MERR-26366]
Action.c(11): Error -26374: The above "not found" error(s) may be explained by header and body byte counts being 0 and 0, respectively.  	[MsgId: MERR-26374]
Action.c(11): Error -27721: Step download timeout (120 seconds) has expired when downloading resource "https://advantageonlineshopping.com//"  	[MsgId: MERR-27721]
Action.c(11): Error -26366: "Text=Advantage Shopping" not found for web_reg_find  	[MsgId: MERR-26366]
Action.c(11): Error -26374: The above "not found" error(s) may be explained by header and body byte counts being 0 and 0, respectively.  	[MsgId: MERR-26374]
Action.c(11): Error -27760: Request "https://advantageonlineshopping.com//" failed  	[MsgId: MERR-27760]
Action.c(11): Error -26366: "Text=Advantage Shopping" not found for web_reg_find  	[MsgId: MERR-26366]
Action.c(11): Error -26374: The above "not found" error(s) may be explained by header and body byte counts being 0 and 0, respectively.  	[MsgId: MERR-26374]
Action.c(11): Error -27792: Failed to connect to server "advantageonlineshopping.com:443": [10060] Connection timed out  	[MsgId: MERR-27792]
Action.c(11): Error -26366: "Text=Advantage Shopping" not found for web_reg_find  	[MsgId: MERR-26366]
Action.c(11): Error -26374: The above "not found" error(s) may be explained by header and body byte counts being 0 and 0, respectively.  	[MsgId: MERR-26374]
Action.c(11): Error -27792: Failed to connect to server "advantageonlineshopping.com:443": [10060] Connection timed out  	[MsgId: MERR-27792]
Action.c(11): Error -26366: "Text=Advantage Shopping" not found for web_reg_find  	[MsgId: MERR-26366]
Action.c(11): Error -26374: The above "not found" error(s) may be explained by header and body byte counts being 0 and 0, respectively.  	[MsgId: MERR-26374]
Action.c(11): Error -27792: Failed to connect to server "advantageonlineshopping.com:443": [10060] Connection timed out  	[MsgId: MERR-27792]
Action.c(11): Error -26366: "Text=Advantage Shopping" not found for web_reg_find  	[MsgId: MERR-26366]
Action.c(11): Error -26374: The above "not found" error(s) may be explained by header and body byte counts being 0 and 0, respectively.  	[MsgId: MERR-26374]
Action.c(11): Error -27792: Failed to connect to server "advantageonlineshopping.com:443": [10060] Connection timed out  	[MsgId: MERR-27792]
Action.c(11): Error -26366: "Text=Advantage Shopping" not found for web_reg_find  	[MsgId: MERR-26366]
Action.c(11): Error -26374: The above "not found" error(s) may be explained by header and body byte counts being 0 and 0, respectively.  	[MsgId: MERR-26374]
Action.c(11): Error -27792: Failed to connect to server "advantageonlineshopping.com:443": [10060] Connection timed out  	[MsgId: MERR-27792]
Action.c(11): Error -26366: "Text=Advantage Shopping" not found for web_reg_find  	[MsgId: MERR-26366]
Action.c(11): Error -26374: The above "not found" error(s) may be explained by header and body byte counts being 0 and 0, respectively.  	[MsgId: MERR-26374]
Action.c(11): Error -27792: Failed to connect to server "advantageonlineshopping.com:443": [10060] Connection timed out  	[MsgId: MERR-27792]
Action.c(11): Error -26366: "Text=Advantage Shopping" not found for web_reg_find  	[MsgId: MERR-26366]
Action.c(11): Error -26374: The above "not found" error(s) may be explained by header and body byte counts being 0 and 0, respectively.  	[MsgId: MERR-26374]
Action.c(11): Error -27721: Step download timeout (120 seconds) has expired when downloading resource "https://advantageonlineshopping.com//"  	[MsgId: MERR-27721]
Action.c(11): Error -26366: "Text=Advantage Shopping" not found for web_reg_find  	[MsgId: MERR-26366]
Action.c(11): Error -26374: The above "not found" error(s) may be explained by header and body byte counts being 0 and 0, respectively.  	[MsgId: MERR-26374]
Action.c(11): Error -27760: Request "https://advantageonlineshopping.com//" failed  	[MsgId: MERR-27760]
Action.c(11): Error -26366: "Text=Advantage Shopping" not found for web_reg_find  	[MsgId: MERR-26366]
Action.c(11): Error -26374: The above "not found" error(s) may be explained by header and body byte counts being 0 and 0, respectively.  	[MsgId: MERR-26374]
Action.c(11): Error -27792: Failed to connect to server "advantageonlineshopping.com:443": [10060] Connection timed out  	[MsgId: MERR-27792]
Action.c(11): Error -26366: "Text=Advantage Shopping" not found for web_reg_find  	[MsgId: MERR-26366]
Action.c(11): Error -26374: The above "not found" error(s) may be explained by header and body byte counts being 0 and 0, respectively.  	[MsgId: MERR-26374]
Action.c(11): Error -27721: Step download timeout (120 seconds) has expired when downloading resource "https://advantageonlineshopping.com//"  	[MsgId: MERR-27721]
Action.c(11): Error -26366: "Text=Advantage Shopping" not found for web_reg_find  	[MsgId: MERR-26366]
Action.c(11): Error -26374: The above "not found" error(s) may be explained by header and body byte counts being 0 and 0, respectively.  	[MsgId: MERR-26374]
Action.c(57): Error -27792: Failed to connect to server "advantageonlineshopping.com:443": [10060] Connection timed out, Snapshot Info [MSH 2 2]  	[MsgId: MERR-27792]
Action.c(11): Error -27792: Failed to connect to server "advantageonlineshopping.com:443": [10060] Connection timed out  	[MsgId: MERR-27792]
Action.c(11): Error -26366: "Text=Advantage Shopping" not found for web_reg_find  	[MsgId: MERR-26366]
Action.c(11): Error -26374: The above "not found" error(s) may be explained by header and body byte counts being 0 and 0, respectively.  	[MsgId: MERR-26374]
Action.c(11): Error -27644: Step download timeout (120 seconds) has expired when only cross-step downloads (0) were active, Snapshot Info [MSH 3 1]  	[MsgId: MERR-27644]
Action.c(11): Error -27792: Failed to connect to server "advantageonlineshopping.com:443": [10060] Connection timed out  	[MsgId: MERR-27792]
Action.c(11): Error -26366: "Text=Advantage Shopping" not found for web_reg_find  	[MsgId: MERR-26366]
Action.c(11): Error -26374: The above "not found" error(s) may be explained by header and body byte counts being 0 and 0, respectively.  	[MsgId: MERR-26374]
Action.c(11): Error -27792: Failed to connect to server "advantageonlineshopping.com:443": [10060] Connection timed out  	[MsgId: MERR-27792]
Action.c(11): Error -26366: "Text=Advantage Shopping" not found for web_reg_find  	[MsgId: MERR-26366]
Action.c(11): Error -26374: The above "not found" error(s) may be explained by header and body byte counts being 0 and 0, respectively.  	[MsgId: MERR-26374]
Action.c(11): Error -27760: Request "https://advantageonlineshopping.com//" failed  	[MsgId: MERR-27760]
Notify: The Network Virtualization Emulation Dynamic Filter API was closed.	[MsgId: MMSG-56945]
