Notify: Initialized Dynamic Filter API for Network Virtualization emulation.	[MsgId: MMSG-56949]
Action.c(10): Error -27792: Failed to connect to server "www.advantageonlineshopping.com:443": [10060] Connection timed out  	[MsgId: MERR-27792]
Action.c(10): Error -26366: "Text=Advantage Shopping" not found for web_reg_find  	[MsgId: MERR-26366]
Action.c(10): Error -26374: The above "not found" error(s) may be explained by header and body byte counts being 0 and 0, respectively.  	[MsgId: MERR-26374]
Action.c(10): Error -27792: Failed to connect to server "www.advantageonlineshopping.com:443": [10060] Connection timed out  	[MsgId: MERR-27792]
Action.c(10): Error -26366: "Text=Advantage Shopping" not found for web_reg_find  	[MsgId: MERR-26366]
Action.c(10): Error -26374: The above "not found" error(s) may be explained by header and body byte counts being 0 and 0, respectively.  	[MsgId: MERR-26374]
Action.c(10): Error -27792: Failed to connect to server "www.advantageonlineshopping.com:443": [10060] Connection timed out  	[MsgId: MERR-27792]
Action.c(10): Error -26366: "Text=Advantage Shopping" not found for web_reg_find  	[MsgId: MERR-26366]
Action.c(10): Error -26374: The above "not found" error(s) may be explained by header and body byte counts being 0 and 0, respectively.  	[MsgId: MERR-26374]
Action.c(10): Error -27721: Step download timeout (120 seconds) has expired when downloading resource "https://www.advantageonlineshopping.com/"  	[MsgId: MERR-27721]
Action.c(10): Error -26366: "Text=Advantage Shopping" not found for web_reg_find  	[MsgId: MERR-26366]
Action.c(10): Error -26374: The above "not found" error(s) may be explained by header and body byte counts being 0 and 0, respectively.  	[MsgId: MERR-26374]
Action.c(10): Error -27721: Step download timeout (120 seconds) has expired when downloading resource "https://www.advantageonlineshopping.com/"  	[MsgId: MERR-27721]
Action.c(10): Error -26366: "Text=Advantage Shopping" not found for web_reg_find  	[MsgId: MERR-26366]
Action.c(10): Error -26374: The above "not found" error(s) may be explained by header and body byte counts being 0 and 0, respectively.  	[MsgId: MERR-26374]
Action.c(10): Error -27721: Step download timeout (120 seconds) has expired when downloading resource "https://www.advantageonlineshopping.com/"  	[MsgId: MERR-27721]
Action.c(10): Error -26366: "Text=Advantage Shopping" not found for web_reg_find  	[MsgId: MERR-26366]
Action.c(10): Error -26374: The above "not found" error(s) may be explained by header and body byte counts being 0 and 0, respectively.  	[MsgId: MERR-26374]
Action.c(10): Error -27721: Step download timeout (120 seconds) has expired when downloading resource "https://www.advantageonlineshopping.com/"  	[MsgId: MERR-27721]
Action.c(10): Error -26366: "Text=Advantage Shopping" not found for web_reg_find  	[MsgId: MERR-26366]
Action.c(10): Error -26374: The above "not found" error(s) may be explained by header and body byte counts being 0 and 0, respectively.  	[MsgId: MERR-26374]
Action.c(10): Error -27721: Step download timeout (120 seconds) has expired when downloading resource "https://www.advantageonlineshopping.com/"  	[MsgId: MERR-27721]
Action.c(10): Error -26366: "Text=Advantage Shopping" not found for web_reg_find  	[MsgId: MERR-26366]
Action.c(10): Error -26374: The above "not found" error(s) may be explained by header and body byte counts being 0 and 0, respectively.  	[MsgId: MERR-26374]
Action.c(10): Error -27721: Step download timeout (120 seconds) has expired when downloading resource "https://www.advantageonlineshopping.com/"  	[MsgId: MERR-27721]
Action.c(10): Error -26366: "Text=Advantage Shopping" not found for web_reg_find  	[MsgId: MERR-26366]
Action.c(10): Error -26374: The above "not found" error(s) may be explained by header and body byte counts being 0 and 0, respectively.  	[MsgId: MERR-26374]
Action.c(10): Error -27721: Step download timeout (120 seconds) has expired when downloading resource "https://www.advantageonlineshopping.com/"  	[MsgId: MERR-27721]
Action.c(10): Error -26366: "Text=Advantage Shopping" not found for web_reg_find  	[MsgId: MERR-26366]
Action.c(10): Error -26374: The above "not found" error(s) may be explained by header and body byte counts being 0 and 0, respectively.  	[MsgId: MERR-26374]
Action.c(10): Error -27721: Step download timeout (120 seconds) has expired when downloading resource "https://www.advantageonlineshopping.com/"  	[MsgId: MERR-27721]
Action.c(10): Error -26366: "Text=Advantage Shopping" not found for web_reg_find  	[MsgId: MERR-26366]
Action.c(10): Error -26374: The above "not found" error(s) may be explained by header and body byte counts being 0 and 0, respectively.  	[MsgId: MERR-26374]
Action.c(10): Error -27721: Step download timeout (120 seconds) has expired when downloading resource "https://www.advantageonlineshopping.com/"  	[MsgId: MERR-27721]
Action.c(10): Error -26366: "Text=Advantage Shopping" not found for web_reg_find  	[MsgId: MERR-26366]
Action.c(10): Error -26374: The above "not found" error(s) may be explained by header and body byte counts being 0 and 0, respectively.  	[MsgId: MERR-26374]
Error: Could not remove the dynamic filter to Network Virtualization, causing the error 7. The scenario will continue to run with Network Virtualization.	[MsgId: MERR-56947]
Error: Could not remove the dynamic filter to Network Virtualization, causing the error 1412374852. The scenario will continue to run with Network Virtualization.	[MsgId: MERR-56947]
Error: Could not remove the dynamic filter to Network Virtualization, causing the error 7. The scenario will continue to run with Network Virtualization.	[MsgId: MERR-56947]
Error: Could not remove the dynamic filter to Network Virtualization, causing the error 7. The scenario will continue to run with Network Virtualization.	[MsgId: MERR-56947]
Error: Could not remove the dynamic filter to Network Virtualization, causing the error 1412374852. The scenario will continue to run with Network Virtualization.	[MsgId: MERR-56947]
Error: Could not remove the dynamic filter to Network Virtualization, causing the error 7. The scenario will continue to run with Network Virtualization.	[MsgId: MERR-56947]
Error: Could not remove the dynamic filter to Network Virtualization, causing the error 1412374852. The scenario will continue to run with Network Virtualization.	[MsgId: MERR-56947]
Error: Could not remove the dynamic filter to Network Virtualization, causing the error 7. The scenario will continue to run with Network Virtualization.	[MsgId: MERR-56947]
Error: Could not remove the dynamic filter to Network Virtualization, causing the error 7. The scenario will continue to run with Network Virtualization.	[MsgId: MERR-56947]
Error: Could not remove the dynamic filter to Network Virtualization, causing the error 1412374852. The scenario will continue to run with Network Virtualization.	[MsgId: MERR-56947]
Error: Could not remove the dynamic filter to Network Virtualization, causing the error 7. The scenario will continue to run with Network Virtualization.	[MsgId: MERR-56947]
Error: Could not remove the dynamic filter to Network Virtualization, causing the error 7. The scenario will continue to run with Network Virtualization.	[MsgId: MERR-56947]
Error: Could not remove the dynamic filter to Network Virtualization, causing the error 1412374852. The scenario will continue to run with Network Virtualization.	[MsgId: MERR-56947]
Error: Could not remove the dynamic filter to Network Virtualization, causing the error 7. The scenario will continue to run with Network Virtualization.	[MsgId: MERR-56947]
Error: Could not remove the dynamic filter to Network Virtualization, causing the error 7. The scenario will continue to run with Network Virtualization.	[MsgId: MERR-56947]
Error: Could not remove the dynamic filter to Network Virtualization, causing the error 1412374852. The scenario will continue to run with Network Virtualization.	[MsgId: MERR-56947]
Error: Could not remove the dynamic filter to Network Virtualization, causing the error 1412374852. The scenario will continue to run with Network Virtualization.	[MsgId: MERR-56947]
Error: Could not remove the dynamic filter to Network Virtualization, causing the error 1412374852. The scenario will continue to run with Network Virtualization.	[MsgId: MERR-56947]
Error: Could not remove the dynamic filter to Network Virtualization, causing the error 1412374852. The scenario will continue to run with Network Virtualization.	[MsgId: MERR-56947]
Error: Could not remove the dynamic filter to Network Virtualization, causing the error 1412374852. The scenario will continue to run with Network Virtualization.	[MsgId: MERR-56947]
Notify: The Network Virtualization Emulation Dynamic Filter API was closed.	[MsgId: MMSG-56945]
