Notify: Initialized Dynamic Filter API for Network Virtualization emulation.	[MsgId: MMSG-56949]
Action.c(11): Error -27644: Step download timeout (120 seconds) has expired when only cross-step downloads (0) were active, Snapshot Info [MSH 1 1]  	[MsgId: MERR-27644]
Action.c(11): Error -27644: Step download timeout (120 seconds) has expired when only cross-step downloads (0) were active  	[MsgId: MERR-27644]
Action.c(11): Error -26366: "Text=Advantage Shopping" not found for web_reg_find  	[MsgId: MERR-26366]
Action.c(11): Error -26374: The above "not found" error(s) may be explained by header and body byte counts being 0 and 0, respectively.  	[MsgId: MERR-26374]
Action.c(11): Error -27644: Step download timeout (120 seconds) has expired when only cross-step downloads (0) were active, Snapshot Info [MSH 1 1]  	[MsgId: MERR-27644]
Action.c(11): Error -27644: Step download timeout (120 seconds) has expired when only cross-step downloads (0) were active  	[MsgId: MERR-27644]
Action.c(11): Error -26366: "Text=Advantage Shopping" not found for web_reg_find  	[MsgId: MERR-26366]
Action.c(11): Error -26374: The above "not found" error(s) may be explained by header and body byte counts being 0 and 0, respectively.  	[MsgId: MERR-26374]
Action.c(11): Error -27644: Step download timeout (120 seconds) has expired when only cross-step downloads (0) were active  	[MsgId: MERR-27644]
Action.c(11): Error -26366: "Text=Advantage Shopping" not found for web_reg_find  	[MsgId: MERR-26366]
Action.c(11): Error -26374: The above "not found" error(s) may be explained by header and body byte counts being 0 and 0, respectively.  	[MsgId: MERR-26374]
Action.c(11): Error -27721: Step download timeout (120 seconds) has expired when downloading resource "https://advantageonlineshopping.com//"  	[MsgId: MERR-27721]
Action.c(11): Error -26366: "Text=Advantage Shopping" not found for web_reg_find  	[MsgId: MERR-26366]
Action.c(11): Error -26374: The above "not found" error(s) may be explained by header and body byte counts being 0 and 0, respectively.  	[MsgId: MERR-26374]
Action.c(197): Error -27644: Step download timeout (120 seconds) has expired when only cross-step downloads (0) were active, Snapshot Info [MSH 1 15]  	[MsgId: MERR-27644]
Action.c(197): Error -26366: "Text=productProperties" not found for web_reg_find, Snapshot Info [MSH 1 15]  	[MsgId: MERR-26366]
Action.c(197): Error -26374: The above "not found" error(s) may be explained by header and body byte counts being 0 and 0, respectively., Snapshot Info [MSH 1 15]  	[MsgId: MERR-26374]
Action.c(176): Error -27644: Step download timeout (120 seconds) has expired when only cross-step downloads (0) were active, Snapshot Info [MSH 1 13]  	[MsgId: MERR-27644]
Action.c(11): Error -27760: Request "https://advantageonlineshopping.com//" failed  	[MsgId: MERR-27760]
Action.c(11): Error -27760: Request "https://advantageonlineshopping.com//" failed  	[MsgId: MERR-27760]
Action.c(11): Error -27760: Request "https://advantageonlineshopping.com//" failed, Snapshot Info [MSH 2 1]  	[MsgId: MERR-27760]
Action.c(11): Error -27760: Request "https://advantageonlineshopping.com//" failed, Snapshot Info [MSH 2 1]  	[MsgId: MERR-27760]
Action.c(213): Error -27760: Request "https://advantageonlineshopping.com//catalog/fetchImage?image_id=4601" failed, Snapshot Info [MSH 1 16]  	[MsgId: MERR-27760]
Action.c(213): Error -27760: Request "https://advantageonlineshopping.com//catalog/fetchImage?image_id=4602" failed, Snapshot Info [MSH 1 16]  	[MsgId: MERR-27760]
Action.c(11): Error -27760: Request "https://advantageonlineshopping.com//" failed, Snapshot Info [MSH 2 1]  	[MsgId: MERR-27760]
Notify: The Network Virtualization Emulation Dynamic Filter API was closed.	[MsgId: MMSG-56945]
