Notify: Initialized Dynamic Filter API for Network Virtualization emulation.	[MsgId: MMSG-56949]
Action.c(11): Error -27644: Step download timeout (120 seconds) has expired when only cross-step downloads (0) were active, Snapshot Info [MSH 1 1]  	[MsgId: MERR-27644]
Action.c(11): Error -27644: Step download timeout (120 seconds) has expired when only cross-step downloads (0) were active, Snapshot Info [MSH 1 1]  	[MsgId: MERR-27644]
Action.c(11): Error -27644: Step download timeout (120 seconds) has expired when only cross-step downloads (0) were active, Snapshot Info [MSH 1 1]  	[MsgId: MERR-27644]
Action.c(11): Error -27644: Step download timeout (120 seconds) has expired when only cross-step downloads (0) were active, Snapshot Info [MSH 1 1]  	[MsgId: MERR-27644]
Action.c(11): Error -27644: Step download timeout (120 seconds) has expired when only cross-step downloads (0) were active  	[MsgId: MERR-27644]
Action.c(11): Error -26366: "Text=Advantage Shopping" not found for web_reg_find  	[MsgId: MERR-26366]
Action.c(11): Error -26374: The above "not found" error(s) may be explained by header and body byte counts being 0 and 0, respectively.  	[MsgId: MERR-26374]
Action.c(11): Error -27644: Step download timeout (120 seconds) has expired when only cross-step downloads (0) were active, Snapshot Info [MSH 1 1]  	[MsgId: MERR-27644]
Action.c(11): Error -27644: Step download timeout (120 seconds) has expired when only cross-step downloads (0) were active  	[MsgId: MERR-27644]
Action.c(11): Error -26366: "Text=Advantage Shopping" not found for web_reg_find  	[MsgId: MERR-26366]
Action.c(11): Error -26374: The above "not found" error(s) may be explained by header and body byte counts being 0 and 0, respectively.  	[MsgId: MERR-26374]
Action.c(11): Error -27644: Step download timeout (120 seconds) has expired when only cross-step downloads (0) were active, Snapshot Info [MSH 1 1]  	[MsgId: MERR-27644]
Action.c(11): Error -27644: Step download timeout (120 seconds) has expired when only cross-step downloads (0) were active  	[MsgId: MERR-27644]
Action.c(11): Error -26366: "Text=Advantage Shopping" not found for web_reg_find  	[MsgId: MERR-26366]
Action.c(11): Error -26374: The above "not found" error(s) may be explained by header and body byte counts being 0 and 0, respectively.  	[MsgId: MERR-26374]
Action.c(11): Error -27644: Step download timeout (120 seconds) has expired when only cross-step downloads (0) were active  	[MsgId: MERR-27644]
Action.c(11): Error -26366: "Text=Advantage Shopping" not found for web_reg_find  	[MsgId: MERR-26366]
Action.c(11): Error -26374: The above "not found" error(s) may be explained by header and body byte counts being 0 and 0, respectively.  	[MsgId: MERR-26374]
Action.c(11): Error -27644: Step download timeout (120 seconds) has expired when only cross-step downloads (0) were active, Snapshot Info [MSH 2 1]  	[MsgId: MERR-27644]
Action.c(11): Error -26366: "Text=Advantage Shopping" not found for web_reg_find, Snapshot Info [MSH 2 1]  	[MsgId: MERR-26366]
Action.c(11): Error -26374: The above "not found" error(s) may be explained by header and body byte counts being 0 and 0, respectively., Snapshot Info [MSH 2 1]  	[MsgId: MERR-26374]
Action.c(11): Error -27644: Step download timeout (120 seconds) has expired when only cross-step downloads (0) were active, Snapshot Info [MSH 2 1]  	[MsgId: MERR-27644]
Action.c(11): Error -27644: Step download timeout (120 seconds) has expired when only cross-step downloads (0) were active, Snapshot Info [MSH 2 1]  	[MsgId: MERR-27644]
Action.c(11): Error -26366: "Text=Advantage Shopping" not found for web_reg_find, Snapshot Info [MSH 2 1]  	[MsgId: MERR-26366]
Action.c(11): Error -26374: The above "not found" error(s) may be explained by header and body byte counts being 0 and 0, respectively., Snapshot Info [MSH 2 1]  	[MsgId: MERR-26374]
Action.c(11): Error -27644: Step download timeout (120 seconds) has expired when only cross-step downloads (0) were active, Snapshot Info [MSH 2 1]  	[MsgId: MERR-27644]
Action.c(11): Error -27644: Step download timeout (120 seconds) has expired when only cross-step downloads (0) were active  	[MsgId: MERR-27644]
Action.c(11): Error -26366: "Text=Advantage Shopping" not found for web_reg_find  	[MsgId: MERR-26366]
Action.c(11): Error -26374: The above "not found" error(s) may be explained by header and body byte counts being 0 and 0, respectively.  	[MsgId: MERR-26374]
Action.c(11): Error -27644: Step download timeout (120 seconds) has expired when only cross-step downloads (0) were active, Snapshot Info [MSH 2 1]  	[MsgId: MERR-27644]
Action.c(11): Error -26366: "Text=Advantage Shopping" not found for web_reg_find, Snapshot Info [MSH 2 1]  	[MsgId: MERR-26366]
Action.c(11): Error -26374: The above "not found" error(s) may be explained by header and body byte counts being 0 and 0, respectively., Snapshot Info [MSH 2 1]  	[MsgId: MERR-26374]
Action.c(11): Error -27644: Step download timeout (120 seconds) has expired when only cross-step downloads (0) were active  	[MsgId: MERR-27644]
Action.c(11): Error -26366: "Text=Advantage Shopping" not found for web_reg_find  	[MsgId: MERR-26366]
Action.c(11): Error -26374: The above "not found" error(s) may be explained by header and body byte counts being 0 and 0, respectively.  	[MsgId: MERR-26374]
Action.c(11): Error -27644: Step download timeout (120 seconds) has expired when only cross-step downloads (0) were active, Snapshot Info [MSH 2 1]  	[MsgId: MERR-27644]
Action.c(11): Error -26366: "Text=Advantage Shopping" not found for web_reg_find, Snapshot Info [MSH 2 1]  	[MsgId: MERR-26366]
Action.c(11): Error -26374: The above "not found" error(s) may be explained by header and body byte counts being 0 and 0, respectively., Snapshot Info [MSH 2 1]  	[MsgId: MERR-26374]
Action.c(11): Error -27644: Step download timeout (120 seconds) has expired when only cross-step downloads (0) were active  	[MsgId: MERR-27644]
Action.c(11): Error -26366: "Text=Advantage Shopping" not found for web_reg_find  	[MsgId: MERR-26366]
Action.c(11): Error -26374: The above "not found" error(s) may be explained by header and body byte counts being 0 and 0, respectively.  	[MsgId: MERR-26374]
Action.c(11): Error -27644: Step download timeout (120 seconds) has expired when only cross-step downloads (0) were active, Snapshot Info [MSH 2 1]  	[MsgId: MERR-27644]
Action.c(11): Error -27644: Step download timeout (120 seconds) has expired when only cross-step downloads (0) were active, Snapshot Info [MSH 3 1]  	[MsgId: MERR-27644]
Action.c(11): Error -26366: "Text=Advantage Shopping" not found for web_reg_find, Snapshot Info [MSH 3 1]  	[MsgId: MERR-26366]
Action.c(11): Error -26374: The above "not found" error(s) may be explained by header and body byte counts being 0 and 0, respectively., Snapshot Info [MSH 3 1]  	[MsgId: MERR-26374]
Action.c(11): Error -27644: Step download timeout (120 seconds) has expired when only cross-step downloads (0) were active, Snapshot Info [MSH 3 1]  	[MsgId: MERR-27644]
Action.c(11): Error -26366: "Text=Advantage Shopping" not found for web_reg_find, Snapshot Info [MSH 3 1]  	[MsgId: MERR-26366]
Action.c(11): Error -26374: The above "not found" error(s) may be explained by header and body byte counts being 0 and 0, respectively., Snapshot Info [MSH 3 1]  	[MsgId: MERR-26374]
Action.c(11): Error -27644: Step download timeout (120 seconds) has expired when only cross-step downloads (0) were active, Snapshot Info [MSH 3 1]  	[MsgId: MERR-27644]
Action.c(11): Error -26366: "Text=Advantage Shopping" not found for web_reg_find, Snapshot Info [MSH 3 1]  	[MsgId: MERR-26366]
Action.c(11): Error -26374: The above "not found" error(s) may be explained by header and body byte counts being 0 and 0, respectively., Snapshot Info [MSH 3 1]  	[MsgId: MERR-26374]
Action.c(11): Error -27644: Step download timeout (120 seconds) has expired when only cross-step downloads (0) were active, Snapshot Info [MSH 3 1]  	[MsgId: MERR-27644]
Action.c(11): Error -27644: Step download timeout (120 seconds) has expired when only cross-step downloads (0) were active, Snapshot Info [MSH 3 1]  	[MsgId: MERR-27644]
Action.c(11): Error -27644: Step download timeout (120 seconds) has expired when only cross-step downloads (0) were active, Snapshot Info [MSH 3 1]  	[MsgId: MERR-27644]
Action.c(11): Error -26366: "Text=Advantage Shopping" not found for web_reg_find, Snapshot Info [MSH 3 1]  	[MsgId: MERR-26366]
Action.c(11): Error -26374: The above "not found" error(s) may be explained by header and body byte counts being 0 and 0, respectively., Snapshot Info [MSH 3 1]  	[MsgId: MERR-26374]
Action.c(11): Error -27644: Step download timeout (120 seconds) has expired when only cross-step downloads (0) were active, Snapshot Info [MSH 3 1]  	[MsgId: MERR-27644]
Action.c(11): Error -27644: Step download timeout (120 seconds) has expired when only cross-step downloads (0) were active, Snapshot Info [MSH 3 1]  	[MsgId: MERR-27644]
Action.c(11): Error -26366: "Text=Advantage Shopping" not found for web_reg_find, Snapshot Info [MSH 3 1]  	[MsgId: MERR-26366]
Action.c(11): Error -26374: The above "not found" error(s) may be explained by header and body byte counts being 0 and 0, respectively., Snapshot Info [MSH 3 1]  	[MsgId: MERR-26374]
Action.c(11): Error -27644: Step download timeout (120 seconds) has expired when only cross-step downloads (0) were active  	[MsgId: MERR-27644]
Action.c(11): Error -26366: "Text=Advantage Shopping" not found for web_reg_find  	[MsgId: MERR-26366]
Action.c(11): Error -26374: The above "not found" error(s) may be explained by header and body byte counts being 0 and 0, respectively.  	[MsgId: MERR-26374]
Action.c(11): Error -27644: Step download timeout (120 seconds) has expired when only cross-step downloads (0) were active, Snapshot Info [MSH 3 1]  	[MsgId: MERR-27644]
Action.c(11): Error -26366: "Text=Advantage Shopping" not found for web_reg_find, Snapshot Info [MSH 3 1]  	[MsgId: MERR-26366]
Action.c(11): Error -26374: The above "not found" error(s) may be explained by header and body byte counts being 0 and 0, respectively., Snapshot Info [MSH 3 1]  	[MsgId: MERR-26374]
Notify: The Network Virtualization Emulation Dynamic Filter API was closed.	[MsgId: MMSG-56945]
